{
  "RSpec": {
    "coverage": {
      "/Users/guillaumebouffard/Projects/Airport-challenge/lib/airport.rb": [
        1,
        1,
        1,
        12,
        12,
        null,
        null,
        1,
        14,
        14,
        null,
        null,
        1,
        111,
        109,
        109,
        2,
        1,
        null,
        1,
        null,
        null,
        null,
        1,
        9,
        7,
        7,
        2,
        1,
        null,
        1,
        null,
        null,
        null
      ],
      "/Users/guillaumebouffard/Projects/Airport-challenge/spec/feature/grand_finale_spec.rb": [
        1,
        1,
        1,
        null,
        null,
        null,
        null,
        null,
        null,
        1,
        1,
        1,
        1,
        null,
        1,
        7,
        1,
        1,
        null,
        null,
        1,
        7,
        1,
        1,
        null,
        null
      ],
      "/Users/guillaumebouffard/Projects/Airport-challenge/lib/plane.rb": [
        1,
        1,
        1,
        11,
        null,
        null,
        1,
        10,
        null,
        null,
        1,
        8,
        null,
        null
      ],
      "/Users/guillaumebouffard/Projects/Airport-challenge/spec/plane_spec.rb": [
        1,
        null,
        1,
        6,
        1,
        1,
        null,
        null,
        1,
        1,
        1,
        null,
        null,
        1,
        1,
        1,
        1,
        null,
        null,
        1,
        1,
        2,
        null,
        null,
        1,
        2,
        null,
        null
      ]
    },
    "timestamp": 1435163855
  }
}
